\BOOKMARK [1][-]{section*.4}{ }{}
\BOOKMARK [0][-]{chapter.1}{ \040}{}
\BOOKMARK [1][-]{section.1.1}{ \040 \040}{chapter.1}
\BOOKMARK [1][-]{section.1.2}{ \040 }{chapter.1}
\BOOKMARK [2][-]{subsection.1.2.1}{ }{section.1.2}
\BOOKMARK [2][-]{subsection.1.2.2}{ }{section.1.2}
\BOOKMARK [2][-]{subsection.1.2.3}{ }{section.1.2}
\BOOKMARK [1][-]{section.1.3}{ \040}{chapter.1}
\BOOKMARK [2][-]{subsection.1.3.1}{ \040}{section.1.3}
\BOOKMARK [2][-]{subsection.1.3.2}{ \040}{section.1.3}
\BOOKMARK [2][-]{subsection.1.3.3}{}{section.1.3}
\BOOKMARK [1][-]{section.1.4}{ \040 }{chapter.1}
\BOOKMARK [2][-]{subsection.1.4.1}{ \040 \040}{section.1.4}
\BOOKMARK [2][-]{subsection.1.4.2}{ }{section.1.4}
\BOOKMARK [1][-]{section.1.5}{ \040 }{chapter.1}
\BOOKMARK [2][-]{subsection.1.5.1}{ \040}{section.1.5}
\BOOKMARK [2][-]{subsection.1.5.2}{ \040}{section.1.5}
\BOOKMARK [0][-]{chapter.2}{ \040 \040}{}
\BOOKMARK [1][-]{section.2.1}{ }{chapter.2}
\BOOKMARK [1][-]{section.2.2}{UML }{chapter.2}
\BOOKMARK [1][-]{section.2.3}{ \040}{chapter.2}
\BOOKMARK [1][-]{section*.19}{ }{chapter.2}
\BOOKMARK [1][-]{section*.19}{ \040 }{chapter.2}
\BOOKMARK [1][-]{section*.21}{ \0401. \040 }{chapter.2}
\BOOKMARK [1][-]{section*.22}{ \0402. \040}{chapter.2}
